E:\WORKSAPCE\GITHUB_COMMIT\TESTHNPROTOCOL\FZFFMPEG\DEBUG\FZFFMPEG.EXE
E:\WORKSAPCE\GITHUB_COMMIT\TESTHNPROTOCOL\FZFFMPEG\DEBUG\FZFFMPEG.ILK
E:\WORKSAPCE\GITHUB_COMMIT\TESTHNPROTOCOL\FZFFMPEG\DEBUG\FZFFMPEG.PDB
E:\WORKSAPCE\GITHUB_COMMIT\TESTHNPROTOCOL\FZFFMPEG\FZFFMPEG\DEBUG\BITSTREAM.OBJ
E:\WORKSAPCE\GITHUB_COMMIT\TESTHNPROTOCOL\FZFFMPEG\FZFFMPEG\DEBUG\CABAC.OBJ
E:\Worksapce\github_commit\TestHNProtocol\FZffmpeg\FZffmpeg\Debug\cl.command.1.tlog
E:\Worksapce\github_commit\TestHNProtocol\FZffmpeg\FZffmpeg\Debug\CL.read.1.tlog
E:\Worksapce\github_commit\TestHNProtocol\FZffmpeg\FZffmpeg\Debug\CL.write.1.tlog
E:\WORKSAPCE\GITHUB_COMMIT\TESTHNPROTOCOL\FZFFMPEG\FZFFMPEG\DEBUG\CRC.OBJ
E:\WORKSAPCE\GITHUB_COMMIT\TESTHNPROTOCOL\FZFFMPEG\FZFFMPEG\DEBUG\DSPUTIL.OBJ
E:\WORKSAPCE\GITHUB_COMMIT\TESTHNPROTOCOL\FZFFMPEG\FZFFMPEG\DEBUG\ERROR_RESILIENCE.OBJ
E:\WORKSAPCE\GITHUB_COMMIT\TESTHNPROTOCOL\FZFFMPEG\FZFFMPEG\DEBUG\FZFFMPEG.EXE.EMBED.MANIFEST
E:\WORKSAPCE\GITHUB_COMMIT\TESTHNPROTOCOL\FZFFMPEG\FZFFMPEG\DEBUG\FZFFMPEG.EXE.EMBED.MANIFEST.RES
E:\WORKSAPCE\GITHUB_COMMIT\TESTHNPROTOCOL\FZFFMPEG\FZFFMPEG\DEBUG\FZFFMPEG.EXE.INTERMEDIATE.MANIFEST
E:\WORKSAPCE\GITHUB_COMMIT\TESTHNPROTOCOL\FZFFMPEG\FZFFMPEG\DEBUG\FZFFMPEG.OBJ
E:\Worksapce\github_commit\TestHNProtocol\FZffmpeg\FZffmpeg\Debug\FZffmpeg.vcxprojResolveAssemblyReference.cache
E:\Worksapce\github_commit\TestHNProtocol\FZffmpeg\FZffmpeg\Debug\FZffmpeg.write.1.tlog
E:\Worksapce\github_commit\TestHNProtocol\FZffmpeg\FZffmpeg\Debug\FZffmpeg_manifest.rc
E:\WORKSAPCE\GITHUB_COMMIT\TESTHNPROTOCOL\FZFFMPEG\FZFFMPEG\DEBUG\GOLOMB.OBJ
E:\WORKSAPCE\GITHUB_COMMIT\TESTHNPROTOCOL\FZFFMPEG\FZFFMPEG\DEBUG\H264.OBJ
E:\WORKSAPCE\GITHUB_COMMIT\TESTHNPROTOCOL\FZFFMPEG\FZFFMPEG\DEBUG\H264IDCT.OBJ
E:\WORKSAPCE\GITHUB_COMMIT\TESTHNPROTOCOL\FZFFMPEG\FZFFMPEG\DEBUG\IMGCONVERT.OBJ
E:\Worksapce\github_commit\TestHNProtocol\FZffmpeg\FZffmpeg\Debug\link.command.1.tlog
E:\Worksapce\github_commit\TestHNProtocol\FZffmpeg\FZffmpeg\Debug\link.read.1.tlog
E:\Worksapce\github_commit\TestHNProtocol\FZffmpeg\FZffmpeg\Debug\link.write.1.tlog
E:\Worksapce\github_commit\TestHNProtocol\FZffmpeg\FZffmpeg\Debug\link-cvtres.read.1.tlog
E:\Worksapce\github_commit\TestHNProtocol\FZffmpeg\FZffmpeg\Debug\link-cvtres.write.1.tlog
E:\WORKSAPCE\GITHUB_COMMIT\TESTHNPROTOCOL\FZFFMPEG\FZFFMPEG\DEBUG\MATHEMATICS.OBJ
E:\WORKSAPCE\GITHUB_COMMIT\TESTHNPROTOCOL\FZFFMPEG\FZFFMPEG\DEBUG\MEM.OBJ
E:\WORKSAPCE\GITHUB_COMMIT\TESTHNPROTOCOL\FZFFMPEG\FZFFMPEG\DEBUG\MPEGVIDEO.OBJ
E:\Worksapce\github_commit\TestHNProtocol\FZffmpeg\FZffmpeg\Debug\mt.command.1.tlog
E:\Worksapce\github_commit\TestHNProtocol\FZffmpeg\FZffmpeg\Debug\mt.read.1.tlog
E:\Worksapce\github_commit\TestHNProtocol\FZffmpeg\FZffmpeg\Debug\mt.write.1.tlog
E:\WORKSAPCE\GITHUB_COMMIT\TESTHNPROTOCOL\FZFFMPEG\FZFFMPEG\DEBUG\RATIONAL.OBJ
E:\Worksapce\github_commit\TestHNProtocol\FZffmpeg\FZffmpeg\Debug\rc.command.1.tlog
E:\Worksapce\github_commit\TestHNProtocol\FZffmpeg\FZffmpeg\Debug\rc.read.1.tlog
E:\Worksapce\github_commit\TestHNProtocol\FZffmpeg\FZffmpeg\Debug\rc.write.1.tlog
E:\WORKSAPCE\GITHUB_COMMIT\TESTHNPROTOCOL\FZFFMPEG\FZFFMPEG\DEBUG\SIMPLE_IDCT.OBJ
E:\WORKSAPCE\GITHUB_COMMIT\TESTHNPROTOCOL\FZFFMPEG\FZFFMPEG\DEBUG\STDAFX.OBJ
E:\WORKSAPCE\GITHUB_COMMIT\TESTHNPROTOCOL\FZFFMPEG\FZFFMPEG\DEBUG\UTILS.OBJ
E:\Worksapce\github_commit\TestHNProtocol\FZffmpeg\FZffmpeg\Debug\vc100.idb
E:\WORKSAPCE\GITHUB_COMMIT\TESTHNPROTOCOL\FZFFMPEG\FZFFMPEG\DEBUG\VC100.PDB
