Build started 2014/10/10 9:27:07.
     1>Project "E:\Worksapce\github_commit\TestHNProtocol\FZffmpeg\FZffmpeg\FZffmpeg.vcxproj" on node 2 (rebuild target(s)).
     1>_PrepareForClean:
         Deleting file "Debug\FZffmpeg.lastbuildstate".
       InitializeBuildStatus:
         Creating "Debug\FZffmpeg.unsuccessfulbuild" because "AlwaysCreate" was specified.
       ClCompile:
         D:\Microsoft Visual Studio 10.0\VC\bin\CL.exe /c /I.\\Decode /ZI /nologo /W3 /WX- /Od /Oy- /D WIN32 /D _DEBUG /D _WINDOWS /D _USRDLL /D _MBCS /Gm /EHsc /RTC1 /MTd /GS /fp:precise /Zc:wchar_t /Zc:forScope /Fo"Debug\\" /Fd"Debug\vc100.pdb" /Gd /TP /analyze- /errorReport:prompt FZffmpeg.cpp stdafx.cpp
         stdafx.cpp
         FZffmpeg.cpp
         Generating Code...
         D:\Microsoft Visual Studio 10.0\VC\bin\CL.exe /c /I.\\Decode /ZI /nologo /W3 /WX- /Od /Oy- /D WIN32 /D _DEBUG /D _WINDOWS /D _USRDLL /D _MBCS /Gm /EHsc /RTC1 /MTd /GS /fp:precise /Zc:wchar_t /Zc:forScope /Fo"Debug\\" /Fd"Debug\vc100.pdb" /Gd /TC /analyze- /errorReport:prompt Decode\libavcodec\bitstream.c Decode\libavcodec\cabac.c Decode\libavcodec\dsputil.c Decode\libavcodec\error_resilience.c Decode\libavcodec\golomb.c Decode\libavcodec\h264.c Decode\libavcodec\h264idct.c Decode\libavcodec\imgconvert.c Decode\libavcodec\mem.c Decode\libavcodec\mpegvideo.c Decode\libavcodec\simple_idct.c Decode\libavcodec\utils.c Decode\libavutil\crc.c Decode\libavutil\mathematics.c Decode\libavutil\rational.c
         rational.c
         mathematics.c
     1>e:\worksapce\github_commit\testhnprotocol\fzffmpeg\fzffmpeg\decode\libavutil\mathematics.c(80): warning C4018: '<' : signed/unsigned mismatch
     1>e:\worksapce\github_commit\testhnprotocol\fzffmpeg\fzffmpeg\decode\libavutil\mathematics.c(86): warning C4018: '<=' : signed/unsigned mismatch
         crc.c
     1>e:\worksapce\github_commit\testhnprotocol\fzffmpeg\fzffmpeg\decode\libavutil\crc.c(19): warning C4018: '>=' : signed/unsigned mismatch
     1>e:\worksapce\github_commit\testhnprotocol\fzffmpeg\fzffmpeg\decode\libavutil\crc.c(28): warning C4146: unary minus operator applied to unsigned type, result still unsigned
         utils.c
     1>e:\worksapce\github_commit\testhnprotocol\fzffmpeg\fzffmpeg\decode\libavcodec\utils.c(1113): warning C4996: '_snprintf': This function or variable may be unsafe. Consider using _snprintf_s instead. To disable deprecation, use _CRT_SECURE_NO_WARNINGS. See online help for details.
                 d:\microsoft visual studio 10.0\vc\include\stdio.h(363) : see declaration of '_snprintf'
     1>e:\worksapce\github_commit\testhnprotocol\fzffmpeg\fzffmpeg\decode\libavcodec\utils.c(1115): warning C4996: '_snprintf': This function or variable may be unsafe. Consider using _snprintf_s instead. To disable deprecation, use _CRT_SECURE_NO_WARNINGS. See online help for details.
                 d:\microsoft visual studio 10.0\vc\include\stdio.h(363) : see declaration of '_snprintf'
     1>e:\worksapce\github_commit\testhnprotocol\fzffmpeg\fzffmpeg\decode\libavcodec\utils.c(1124): warning C4996: '_snprintf': This function or variable may be unsafe. Consider using _snprintf_s instead. To disable deprecation, use _CRT_SECURE_NO_WARNINGS. See online help for details.
                 d:\microsoft visual studio 10.0\vc\include\stdio.h(363) : see declaration of '_snprintf'
     1>e:\worksapce\github_commit\testhnprotocol\fzffmpeg\fzffmpeg\decode\libavcodec\utils.c(1128): warning C4996: '_snprintf': This function or variable may be unsafe. Consider using _snprintf_s instead. To disable deprecation, use _CRT_SECURE_NO_WARNINGS. See online help for details.
                 d:\microsoft visual studio 10.0\vc\include\stdio.h(363) : see declaration of '_snprintf'
     1>e:\worksapce\github_commit\testhnprotocol\fzffmpeg\fzffmpeg\decode\libavcodec\utils.c(1133): warning C4996: '_snprintf': This function or variable may be unsafe. Consider using _snprintf_s instead. To disable deprecation, use _CRT_SECURE_NO_WARNINGS. See online help for details.
                 d:\microsoft visual studio 10.0\vc\include\stdio.h(363) : see declaration of '_snprintf'
     1>e:\worksapce\github_commit\testhnprotocol\fzffmpeg\fzffmpeg\decode\libavcodec\utils.c(1138): warning C4996: '_snprintf': This function or variable may be unsafe. Consider using _snprintf_s instead. To disable deprecation, use _CRT_SECURE_NO_WARNINGS. See online help for details.
                 d:\microsoft visual studio 10.0\vc\include\stdio.h(363) : see declaration of '_snprintf'
     1>e:\worksapce\github_commit\testhnprotocol\fzffmpeg\fzffmpeg\decode\libavcodec\utils.c(1143): warning C4996: '_snprintf': This function or variable may be unsafe. Consider using _snprintf_s instead. To disable deprecation, use _CRT_SECURE_NO_WARNINGS. See online help for details.
                 d:\microsoft visual studio 10.0\vc\include\stdio.h(363) : see declaration of '_snprintf'
     1>e:\worksapce\github_commit\testhnprotocol\fzffmpeg\fzffmpeg\decode\libavcodec\utils.c(1150): warning C4996: '_snprintf': This function or variable may be unsafe. Consider using _snprintf_s instead. To disable deprecation, use _CRT_SECURE_NO_WARNINGS. See online help for details.
                 d:\microsoft visual studio 10.0\vc\include\stdio.h(363) : see declaration of '_snprintf'
     1>e:\worksapce\github_commit\testhnprotocol\fzffmpeg\fzffmpeg\decode\libavcodec\utils.c(1153): warning C4996: 'strcpy': This function or variable may be unsafe. Consider using strcpy_s instead. To disable deprecation, use _CRT_SECURE_NO_WARNINGS. See online help for details.
                 d:\microsoft visual studio 10.0\vc\include\string.h(105) : see declaration of 'strcpy'
     1>e:\worksapce\github_commit\testhnprotocol\fzffmpeg\fzffmpeg\decode\libavcodec\utils.c(1156): warning C4996: 'strcpy': This function or variable may be unsafe. Consider using strcpy_s instead. To disable deprecation, use _CRT_SECURE_NO_WARNINGS. See online help for details.
                 d:\microsoft visual studio 10.0\vc\include\string.h(105) : see declaration of 'strcpy'
     1>e:\worksapce\github_commit\testhnprotocol\fzffmpeg\fzffmpeg\decode\libavcodec\utils.c(1159): warning C4996: 'strcpy': This function or variable may be unsafe. Consider using strcpy_s instead. To disable deprecation, use _CRT_SECURE_NO_WARNINGS. See online help for details.
                 d:\microsoft visual studio 10.0\vc\include\string.h(105) : see declaration of 'strcpy'
     1>e:\worksapce\github_commit\testhnprotocol\fzffmpeg\fzffmpeg\decode\libavcodec\utils.c(1162): warning C4996: '_snprintf': This function or variable may be unsafe. Consider using _snprintf_s instead. To disable deprecation, use _CRT_SECURE_NO_WARNINGS. See online help for details.
                 d:\microsoft visual studio 10.0\vc\include\stdio.h(363) : see declaration of '_snprintf'
     1>e:\worksapce\github_commit\testhnprotocol\fzffmpeg\fzffmpeg\decode\libavcodec\utils.c(1169): warning C4996: '_snprintf': This function or variable may be unsafe. Consider using _snprintf_s instead. To disable deprecation, use _CRT_SECURE_NO_WARNINGS. See online help for details.
                 d:\microsoft visual studio 10.0\vc\include\stdio.h(363) : see declaration of '_snprintf'
     1>e:\worksapce\github_commit\testhnprotocol\fzffmpeg\fzffmpeg\decode\libavcodec\utils.c(1205): warning C4996: '_snprintf': This function or variable may be unsafe. Consider using _snprintf_s instead. To disable deprecation, use _CRT_SECURE_NO_WARNINGS. See online help for details.
                 d:\microsoft visual studio 10.0\vc\include\stdio.h(363) : see declaration of '_snprintf'
     1>e:\worksapce\github_commit\testhnprotocol\fzffmpeg\fzffmpeg\decode\libavcodec\utils.c(1209): warning C4996: '_snprintf': This function or variable may be unsafe. Consider using _snprintf_s instead. To disable deprecation, use _CRT_SECURE_NO_WARNINGS. See online help for details.
                 d:\microsoft visual studio 10.0\vc\include\stdio.h(363) : see declaration of '_snprintf'
     1>e:\worksapce\github_commit\testhnprotocol\fzffmpeg\fzffmpeg\decode\libavcodec\utils.c(1213): warning C4996: '_snprintf': This function or variable may be unsafe. Consider using _snprintf_s instead. To disable deprecation, use _CRT_SECURE_NO_WARNINGS. See online help for details.
                 d:\microsoft visual studio 10.0\vc\include\stdio.h(363) : see declaration of '_snprintf'
     1>e:\worksapce\github_commit\testhnprotocol\fzffmpeg\fzffmpeg\decode\libavcodec\utils.c(1219): warning C4996: '_snprintf': This function or variable may be unsafe. Consider using _snprintf_s instead. To disable deprecation, use _CRT_SECURE_NO_WARNINGS. See online help for details.
                 d:\microsoft visual studio 10.0\vc\include\stdio.h(363) : see declaration of '_snprintf'
     1>e:\worksapce\github_commit\testhnprotocol\fzffmpeg\fzffmpeg\decode\libavcodec\utils.c(1222): warning C4996: '_snprintf': This function or variable may be unsafe. Consider using _snprintf_s instead. To disable deprecation, use _CRT_SECURE_NO_WARNINGS. See online help for details.
                 d:\microsoft visual studio 10.0\vc\include\stdio.h(363) : see declaration of '_snprintf'
     1>e:\worksapce\github_commit\testhnprotocol\fzffmpeg\fzffmpeg\decode\libavcodec\utils.c(1226): warning C4996: '_snprintf': This function or variable may be unsafe. Consider using _snprintf_s instead. To disable deprecation, use _CRT_SECURE_NO_WARNINGS. See online help for details.
                 d:\microsoft visual studio 10.0\vc\include\stdio.h(363) : see declaration of '_snprintf'
         simple_idct.c
         mpegvideo.c
     1>e:\worksapce\github_commit\testhnprotocol\fzffmpeg\fzffmpeg\decode\libavcodec\mpegvideo.c(2638): warning C4018: '>=' : signed/unsigned mismatch
     1>e:\worksapce\github_commit\testhnprotocol\fzffmpeg\fzffmpeg\decode\libavcodec\mpegvideo.c(2638): warning C4018: '>=' : signed/unsigned mismatch
     1>e:\worksapce\github_commit\testhnprotocol\fzffmpeg\fzffmpeg\decode\libavcodec\mpegvideo.c(2686): warning C4018: '>=' : signed/unsigned mismatch
     1>e:\worksapce\github_commit\testhnprotocol\fzffmpeg\fzffmpeg\decode\libavcodec\mpegvideo.c(2686): warning C4018: '>=' : signed/unsigned mismatch
     1>e:\worksapce\github_commit\testhnprotocol\fzffmpeg\fzffmpeg\decode\libavcodec\mpegvideo.c(2859): warning C4018: '>' : signed/unsigned mismatch
     1>e:\worksapce\github_commit\testhnprotocol\fzffmpeg\fzffmpeg\decode\libavcodec\mpegvideo.c(2859): warning C4018: '>' : signed/unsigned mismatch
     1>e:\worksapce\github_commit\testhnprotocol\fzffmpeg\fzffmpeg\decode\libavcodec\mpegvideo.c(2899): warning C4018: '>' : signed/unsigned mismatch
     1>e:\worksapce\github_commit\testhnprotocol\fzffmpeg\fzffmpeg\decode\libavcodec\mpegvideo.c(2899): warning C4018: '>' : signed/unsigned mismatch
     1>e:\worksapce\github_commit\testhnprotocol\fzffmpeg\fzffmpeg\decode\libavcodec\mpegvideo.c(2986): warning C4018: '>' : signed/unsigned mismatch
     1>e:\worksapce\github_commit\testhnprotocol\fzffmpeg\fzffmpeg\decode\libavcodec\mpegvideo.c(2986): warning C4018: '>' : signed/unsigned mismatch
     1>e:\worksapce\github_commit\testhnprotocol\fzffmpeg\fzffmpeg\decode\libavcodec\mpegvideo.c(3088): warning C4018: '>' : signed/unsigned mismatch
     1>e:\worksapce\github_commit\testhnprotocol\fzffmpeg\fzffmpeg\decode\libavcodec\mpegvideo.c(3088): warning C4018: '>' : signed/unsigned mismatch
     1>e:\worksapce\github_commit\testhnprotocol\fzffmpeg\fzffmpeg\decode\libavcodec\mpegvideo.c(3257): warning C4018: '>' : signed/unsigned mismatch
     1>e:\worksapce\github_commit\testhnprotocol\fzffmpeg\fzffmpeg\decode\libavcodec\mpegvideo.c(3257): warning C4018: '>' : signed/unsigned mismatch
     1>e:\worksapce\github_commit\testhnprotocol\fzffmpeg\fzffmpeg\decode\libavcodec\mpegvideo.c(3339): warning C4018: '>' : signed/unsigned mismatch
     1>e:\worksapce\github_commit\testhnprotocol\fzffmpeg\fzffmpeg\decode\libavcodec\mpegvideo.c(3339): warning C4018: '>' : signed/unsigned mismatch
     1>e:\worksapce\github_commit\testhnprotocol\fzffmpeg\fzffmpeg\decode\libavcodec\mpegvideo.c(3387): warning C4018: '>' : signed/unsigned mismatch
     1>e:\worksapce\github_commit\testhnprotocol\fzffmpeg\fzffmpeg\decode\libavcodec\mpegvideo.c(3387): warning C4018: '>' : signed/unsigned mismatch
     1>e:\worksapce\github_commit\testhnprotocol\fzffmpeg\fzffmpeg\decode\libavcodec\mpegvideo.c(3554): warning C4018: '>' : signed/unsigned mismatch
     1>e:\worksapce\github_commit\testhnprotocol\fzffmpeg\fzffmpeg\decode\libavcodec\mpegvideo.c(3554): warning C4018: '>' : signed/unsigned mismatch
         mem.c
         imgconvert.c
     1>e:\worksapce\github_commit\testhnprotocol\fzffmpeg\fzffmpeg\decode\libavcodec\imgconvert.c(1455): warning C4146: unary minus operator applied to unsigned type, result still unsigned
     1>e:\worksapce\github_commit\testhnprotocol\fzffmpeg\fzffmpeg\decode\libavcodec\imgconvert_template.h(466): warning C4146: unary minus operator applied to unsigned type, result still unsigned
     1>e:\worksapce\github_commit\testhnprotocol\fzffmpeg\fzffmpeg\decode\libavcodec\imgconvert_template.h(841): warning C4146: unary minus operator applied to unsigned type, result still unsigned
         h264idct.c
         h264.c
     1>e:\worksapce\github_commit\testhnprotocol\fzffmpeg\fzffmpeg\decode\libavcodec\golomb.h(152): warning C4146: unary minus operator applied to unsigned type, result still unsigned
     1>e:\worksapce\github_commit\testhnprotocol\fzffmpeg\fzffmpeg\decode\libavcodec\golomb.h(188): warning C4146: unary minus operator applied to unsigned type, result still unsigned
     1>e:\worksapce\github_commit\testhnprotocol\fzffmpeg\fzffmpeg\decode\libavcodec\h264.c(1181): warning C4002: too many actual parameters for macro 'tprintf'
     1>e:\worksapce\github_commit\testhnprotocol\fzffmpeg\fzffmpeg\decode\libavcodec\h264.c(1216): warning C4002: too many actual parameters for macro 'tprintf'
     1>e:\worksapce\github_commit\testhnprotocol\fzffmpeg\fzffmpeg\decode\libavcodec\h264.c(1241): warning C4002: too many actual parameters for macro 'tprintf'
     1>e:\worksapce\github_commit\testhnprotocol\fzffmpeg\fzffmpeg\decode\libavcodec\h264.c(1255): warning C4002: too many actual parameters for macro 'tprintf'
     1>e:\worksapce\github_commit\testhnprotocol\fzffmpeg\fzffmpeg\decode\libavcodec\h264.c(1266): warning C4002: too many actual parameters for macro 'tprintf'
     1>e:\worksapce\github_commit\testhnprotocol\fzffmpeg\fzffmpeg\decode\libavcodec\h264.c(1290): warning C4002: too many actual parameters for macro 'tprintf'
     1>e:\worksapce\github_commit\testhnprotocol\fzffmpeg\fzffmpeg\decode\libavcodec\h264.c(1303): warning C4002: too many actual parameters for macro 'tprintf'
     1>e:\worksapce\github_commit\testhnprotocol\fzffmpeg\fzffmpeg\decode\libavcodec\h264.c(1320): warning C4002: too many actual parameters for macro 'tprintf'
     1>e:\worksapce\github_commit\testhnprotocol\fzffmpeg\fzffmpeg\decode\libavcodec\h264.c(1427): warning C4002: too many actual parameters for macro 'tprintf'
     1>e:\worksapce\github_commit\testhnprotocol\fzffmpeg\fzffmpeg\decode\libavcodec\h264.c(1891): warning C4002: too many actual parameters for macro 'tprintf'
     1>e:\worksapce\github_commit\testhnprotocol\fzffmpeg\fzffmpeg\decode\libavcodec\h264.c(3575): warning C4002: too many actual parameters for macro 'tprintf'
     1>e:\worksapce\github_commit\testhnprotocol\fzffmpeg\fzffmpeg\decode\libavcodec\h264.c(3707): warning C4244: '=' : conversion from 'DCTELEM' to 'uint8_t', possible loss of data
     1>e:\worksapce\github_commit\testhnprotocol\fzffmpeg\fzffmpeg\decode\libavcodec\h264.c(3717): warning C4244: '=' : conversion from 'DCTELEM' to 'uint8_t', possible loss of data
     1>e:\worksapce\github_commit\testhnprotocol\fzffmpeg\fzffmpeg\decode\libavcodec\h264.c(3727): warning C4244: '=' : conversion from 'DCTELEM' to 'uint8_t', possible loss of data
     1>e:\worksapce\github_commit\testhnprotocol\fzffmpeg\fzffmpeg\decode\libavcodec\h264.c(3932): warning C4002: too many actual parameters for macro 'tprintf'
     1>e:\worksapce\github_commit\testhnprotocol\fzffmpeg\fzffmpeg\decode\libavcodec\h264.c(3938): warning C4002: too many actual parameters for macro 'tprintf'
     1>e:\worksapce\github_commit\testhnprotocol\fzffmpeg\fzffmpeg\decode\libavcodec\h264.c(3945): warning C4002: too many actual parameters for macro 'tprintf'
     1>e:\worksapce\github_commit\testhnprotocol\fzffmpeg\fzffmpeg\decode\libavcodec\h264.c(3988): warning C4002: too many actual parameters for macro 'tprintf'
     1>e:\worksapce\github_commit\testhnprotocol\fzffmpeg\fzffmpeg\decode\libavcodec\h264.c(4004): warning C4002: too many actual parameters for macro 'tprintf'
     1>e:\worksapce\github_commit\testhnprotocol\fzffmpeg\fzffmpeg\decode\libavcodec\h264.c(4424): warning C4018: '<' : signed/unsigned mismatch
     1>e:\worksapce\github_commit\testhnprotocol\fzffmpeg\fzffmpeg\decode\libavcodec\h264.c(5103): warning C4002: too many actual parameters for macro 'tprintf'
     1>e:\worksapce\github_commit\testhnprotocol\fzffmpeg\fzffmpeg\decode\libavcodec\h264.c(5284): warning C4002: too many actual parameters for macro 'tprintf'
     1>e:\worksapce\github_commit\testhnprotocol\fzffmpeg\fzffmpeg\decode\libavcodec\h264.c(5355): warning C4002: too many actual parameters for macro 'tprintf'
     1>e:\worksapce\github_commit\testhnprotocol\fzffmpeg\fzffmpeg\decode\libavcodec\h264.c(5362): warning C4002: too many actual parameters for macro 'tprintf'
     1>e:\worksapce\github_commit\testhnprotocol\fzffmpeg\fzffmpeg\decode\libavcodec\h264.c(5369): warning C4002: too many actual parameters for macro 'tprintf'
     1>e:\worksapce\github_commit\testhnprotocol\fzffmpeg\fzffmpeg\decode\libavcodec\h264.c(5509): warning C4002: too many actual parameters for macro 'tprintf'
     1>e:\worksapce\github_commit\testhnprotocol\fzffmpeg\fzffmpeg\decode\libavcodec\h264.c(5556): warning C4002: too many actual parameters for macro 'tprintf'
     1>e:\worksapce\github_commit\testhnprotocol\fzffmpeg\fzffmpeg\decode\libavcodec\h264.c(5581): warning C4002: too many actual parameters for macro 'tprintf'
     1>e:\worksapce\github_commit\testhnprotocol\fzffmpeg\fzffmpeg\decode\libavcodec\h264.c(5607): warning C4002: too many actual parameters for macro 'tprintf'
     1>e:\worksapce\github_commit\testhnprotocol\fzffmpeg\fzffmpeg\decode\libavcodec\h264.c(5962): warning C4002: too many actual parameters for macro 'tprintf'
     1>e:\worksapce\github_commit\testhnprotocol\fzffmpeg\fzffmpeg\decode\libavcodec\h264.c(5977): warning C4002: too many actual parameters for macro 'tprintf'
     1>e:\worksapce\github_commit\testhnprotocol\fzffmpeg\fzffmpeg\decode\libavcodec\h264.c(6294): warning C4146: unary minus operator applied to unsigned type, result still unsigned
     1>e:\worksapce\github_commit\testhnprotocol\fzffmpeg\fzffmpeg\decode\libavcodec\h264.c(6380): warning C4002: too many actual parameters for macro 'tprintf'
     1>e:\worksapce\github_commit\testhnprotocol\fzffmpeg\fzffmpeg\decode\libavcodec\h264.c(6469): warning C4002: too many actual parameters for macro 'tprintf'
     1>e:\worksapce\github_commit\testhnprotocol\fzffmpeg\fzffmpeg\decode\libavcodec\h264.c(6476): warning C4002: too many actual parameters for macro 'tprintf'
     1>e:\worksapce\github_commit\testhnprotocol\fzffmpeg\fzffmpeg\decode\libavcodec\h264.c(6483): warning C4002: too many actual parameters for macro 'tprintf'
     1>e:\worksapce\github_commit\testhnprotocol\fzffmpeg\fzffmpeg\decode\libavcodec\h264.c(6606): warning C4002: too many actual parameters for macro 'tprintf'
     1>e:\worksapce\github_commit\testhnprotocol\fzffmpeg\fzffmpeg\decode\libavcodec\h264.c(6670): warning C4002: too many actual parameters for macro 'tprintf'
     1>e:\worksapce\github_commit\testhnprotocol\fzffmpeg\fzffmpeg\decode\libavcodec\h264.c(6696): warning C4002: too many actual parameters for macro 'tprintf'
     1>e:\worksapce\github_commit\testhnprotocol\fzffmpeg\fzffmpeg\decode\libavcodec\h264.c(6726): warning C4002: too many actual parameters for macro 'tprintf'
     1>e:\worksapce\github_commit\testhnprotocol\fzffmpeg\fzffmpeg\decode\libavcodec\h264.c(6917): warning C4002: too many actual parameters for macro 'tprintf'
     1>e:\worksapce\github_commit\testhnprotocol\fzffmpeg\fzffmpeg\decode\libavcodec\h264.c(6989): warning C4002: too many actual parameters for macro 'tprintf'
     1>e:\worksapce\github_commit\testhnprotocol\fzffmpeg\fzffmpeg\decode\libavcodec\h264.c(7032): warning C4002: too many actual parameters for macro 'tprintf'
     1>e:\worksapce\github_commit\testhnprotocol\fzffmpeg\fzffmpeg\decode\libavcodec\h264.c(7070): warning C4002: too many actual parameters for macro 'tprintf'
     1>e:\worksapce\github_commit\testhnprotocol\fzffmpeg\fzffmpeg\decode\libavcodec\h264.c(7084): warning C4002: too many actual parameters for macro 'tprintf'
     1>e:\worksapce\github_commit\testhnprotocol\fzffmpeg\fzffmpeg\decode\libavcodec\h264.c(7143): warning C4002: too many actual parameters for macro 'tprintf'
     1>e:\worksapce\github_commit\testhnprotocol\fzffmpeg\fzffmpeg\decode\libavcodec\h264.c(7238): warning C4002: too many actual parameters for macro 'tprintf'
     1>e:\worksapce\github_commit\testhnprotocol\fzffmpeg\fzffmpeg\decode\libavcodec\h264.c(7239): warning C4002: too many actual parameters for macro 'tprintf'
     1>e:\worksapce\github_commit\testhnprotocol\fzffmpeg\fzffmpeg\decode\libavcodec\h264.c(7239): warning C4002: too many actual parameters for macro 'tprintf'
     1>e:\worksapce\github_commit\testhnprotocol\fzffmpeg\fzffmpeg\decode\libavcodec\h264.c(7301): warning C4002: too many actual parameters for macro 'tprintf'
     1>e:\worksapce\github_commit\testhnprotocol\fzffmpeg\fzffmpeg\decode\libavcodec\h264.c(7302): warning C4002: too many actual parameters for macro 'tprintf'
     1>e:\worksapce\github_commit\testhnprotocol\fzffmpeg\fzffmpeg\decode\libavcodec\h264.c(7302): warning C4002: too many actual parameters for macro 'tprintf'
     1>e:\worksapce\github_commit\testhnprotocol\fzffmpeg\fzffmpeg\decode\libavcodec\h264.c(7399): warning C4002: too many actual parameters for macro 'tprintf'
     1>e:\worksapce\github_commit\testhnprotocol\fzffmpeg\fzffmpeg\decode\libavcodec\h264.c(7400): warning C4002: too many actual parameters for macro 'tprintf'
     1>e:\worksapce\github_commit\testhnprotocol\fzffmpeg\fzffmpeg\decode\libavcodec\h264.c(7400): warning C4002: too many actual parameters for macro 'tprintf'
     1>e:\worksapce\github_commit\testhnprotocol\fzffmpeg\fzffmpeg\decode\libavcodec\h264.c(7492): warning C4002: too many actual parameters for macro 'tprintf'
     1>e:\worksapce\github_commit\testhnprotocol\fzffmpeg\fzffmpeg\decode\libavcodec\h264.c(7541): warning C4002: too many actual parameters for macro 'tprintf'
     1>e:\worksapce\github_commit\testhnprotocol\fzffmpeg\fzffmpeg\decode\libavcodec\h264.c(7616): warning C4996: 'sscanf': This function or variable may be unsafe. Consider using sscanf_s instead. To disable deprecation, use _CRT_SECURE_NO_WARNINGS. See online help for details.
                 d:\microsoft visual studio 10.0\vc\include\stdio.h(325) : see declaration of 'sscanf'
     1>e:\worksapce\github_commit\testhnprotocol\fzffmpeg\fzffmpeg\decode\libavcodec\h264.c(8013): warning C4002: too many actual parameters for macro 'tprintf'
     1>e:\worksapce\github_commit\testhnprotocol\fzffmpeg\fzffmpeg\decode\libavcodec\h264.c(8022): warning C4002: too many actual parameters for macro 'tprintf'
         golomb.c
         error_resilience.c
         dsputil.c
     1>e:\worksapce\github_commit\testhnprotocol\fzffmpeg\fzffmpeg\decode\libavcodec\dsputil.c(4080): warning C4113: 'void (__cdecl *)()' differs in parameter lists from 'void (__cdecl *)(void *,int,int)'
         cabac.c
         bitstream.c
         Generating Code...
     1>e:\worksapce\github_commit\testhnprotocol\fzffmpeg\fzffmpeg\decode\libavcodec\dsputil.c(372): warning C4716: 'w_c' : must return a value
     1>e:\worksapce\github_commit\testhnprotocol\fzffmpeg\fzffmpeg\decode\libavcodec\h264.c(4236): warning C4716: 'fill_mbaff_ref_list' : must return a value
       ManifestResourceCompile:
         C:\Program Files\Microsoft SDKs\Windows\v7.0A\bin\rc.exe /nologo /fo"Debug\FZffmpeg.exe.embed.manifest.res" Debug\FZffmpeg_manifest.rc 
       Link:
         D:\Microsoft Visual Studio 10.0\VC\bin\link.exe /ERRORREPORT:PROMPT /OUT:"E:\Worksapce\github_commit\TestHNProtocol\FZffmpeg\Debug\FZffmpeg.exe" /INCREMENTAL /NOLOGO /MANIFEST /ManifestFile:"Debug\FZffmpeg.exe.intermediate.manifest" /MANIFESTUAC:"level='asInvoker' uiAccess='false'" /DEBUG /PDB:"E:\Worksapce\github_commit\TestHNProtocol\FZffmpeg\Debug\FZffmpeg.pdb" /SUBSYSTEM:CONSOLE /TLBID:1 /DYNAMICBASE /NXCOMPAT /IMPLIB:"E:\Worksapce\github_commit\TestHNProtocol\FZffmpeg\Debug\FZffmpeg.lib" /MACHINE:X86 Debug\FZffmpeg.exe.embed.manifest.res
         Debug\FZffmpeg.obj
         Debug\stdafx.obj
         Debug\bitstream.obj
         Debug\cabac.obj
         Debug\dsputil.obj
         Debug\error_resilience.obj
         Debug\golomb.obj
         Debug\h264.obj
         Debug\h264idct.obj
         Debug\imgconvert.obj
         Debug\mem.obj
         Debug\mpegvideo.obj
         Debug\simple_idct.obj
         Debug\utils.obj
         Debug\crc.obj
         Debug\mathematics.obj
         Debug\rational.obj
       Manifest:
         Deleting file "Debug\FZffmpeg.exe.embed.manifest".
         C:\Program Files\Microsoft SDKs\Windows\v7.0A\bin\mt.exe /nologo /verbose /out:"Debug\FZffmpeg.exe.embed.manifest" /manifest Debug\FZffmpeg.exe.intermediate.manifest "D:\Microsoft Visual Studio 10.0\VC\Include\Manifest\dpiaware.manifest"
         C:\Program Files\Microsoft SDKs\Windows\v7.0A\bin\rc.exe /nologo /fo"Debug\FZffmpeg.exe.embed.manifest.res" Debug\FZffmpeg_manifest.rc 
       LinkEmbedManifest:
         D:\Microsoft Visual Studio 10.0\VC\bin\link.exe /ERRORREPORT:PROMPT /OUT:"E:\Worksapce\github_commit\TestHNProtocol\FZffmpeg\Debug\FZffmpeg.exe" /INCREMENTAL /NOLOGO /MANIFEST /ManifestFile:"Debug\FZffmpeg.exe.intermediate.manifest" /MANIFESTUAC:"level='asInvoker' uiAccess='false'" /DEBUG /PDB:"E:\Worksapce\github_commit\TestHNProtocol\FZffmpeg\Debug\FZffmpeg.pdb" /SUBSYSTEM:CONSOLE /TLBID:1 /DYNAMICBASE /NXCOMPAT /IMPLIB:"E:\Worksapce\github_commit\TestHNProtocol\FZffmpeg\Debug\FZffmpeg.lib" /MACHINE:X86 Debug\FZffmpeg.exe.embed.manifest.res
         Debug\FZffmpeg.obj
         Debug\stdafx.obj
         Debug\bitstream.obj
         Debug\cabac.obj
         Debug\dsputil.obj
         Debug\error_resilience.obj
         Debug\golomb.obj
         Debug\h264.obj
         Debug\h264idct.obj
         Debug\imgconvert.obj
         Debug\mem.obj
         Debug\mpegvideo.obj
         Debug\simple_idct.obj
         Debug\utils.obj
         Debug\crc.obj
         Debug\mathematics.obj
         Debug\rational.obj
         FZffmpeg.vcxproj -> E:\Worksapce\github_commit\TestHNProtocol\FZffmpeg\Debug\FZffmpeg.exe
       FinalizeBuildStatus:
         Deleting file "Debug\FZffmpeg.unsuccessfulbuild".
         Touching "Debug\FZffmpeg.lastbuildstate".
     1>Done Building Project "E:\Worksapce\github_commit\TestHNProtocol\FZffmpeg\FZffmpeg\FZffmpeg.vcxproj" (rebuild target(s)).

Build succeeded.

Time Elapsed 00:00:12.50
